###############################################################################
#
# IAR ANSI C/C++ Compiler V7.40.2.8542/W32 for ARM        19/May/2015  13:45:47
# Copyright 1999-2015 IAR Systems AB.
#
#    Cpu mode     =  arm
#    Endian       =  little
#    Source file  =  
#        C:\Users\dfronek\Documents\Project\softpack\drivers\serial\flexcom.c
#    Command line =  
#        C:\Users\dfronek\Documents\Project\softpack\drivers\serial\flexcom.c
#        -D BOARD_SAMA5D2_XPLAINED -D API_PIOv4 -D SERIE_SAMA5D2 -D
#        CHIP_SAMA5D24 -D sram --preprocess=l
#        C:\Users\dfronek\Documents\Project\softpack\examples\getting_started\build\debug\List\
#        -lC
#        C:\Users\dfronek\Documents\Project\softpack\examples\getting_started\build\debug\List\
#        -o
#        C:\Users\dfronek\Documents\Project\softpack\examples\getting_started\build\debug\Obj\
#        --no_cse --no_unroll --no_inline --no_code_motion --no_tbaa
#        --no_clustering --no_scheduling --debug --endian=little
#        --cpu=Cortex-A5 -e --fpu=None --dlib_config "C:\Program Files
#        (x86)\IAR Systems\Embedded Workbench
#        7.2\arm\INC\c\DLib_Config_Normal.h" -I
#        C:\Users\dfronek\Documents\Project\softpack\examples\getting_started/../../\
#        -I
#        C:\Users\dfronek\Documents\Project\softpack\examples\getting_started/../../drivers\
#        -I
#        C:\Users\dfronek\Documents\Project\softpack\examples\getting_started/../../examples\
#        -I
#        C:\Users\dfronek\Documents\Project\softpack\examples\getting_started/../../lib\
#        -I
#        C:\Users\dfronek\Documents\Project\softpack\examples\getting_started/../../target\
#        -I
#        C:\Users\dfronek\Documents\Project\softpack\examples\getting_started/../../target/include\
#        -I
#        C:\Users\dfronek\Documents\Project\softpack\examples\getting_started/../../target/sama5d2\
#        --section .text=SOFTPACK --cpu_mode arm -On
#    List file    =  
#        C:\Users\dfronek\Documents\Project\softpack\examples\getting_started\build\debug\List\flexcom.lst
#    Object file  =  
#        C:\Users\dfronek\Documents\Project\softpack\examples\getting_started\build\debug\Obj\flexcom.o
#
###############################################################################

C:\Users\dfronek\Documents\Project\softpack\drivers\serial\flexcom.c
      1          /* ----------------------------------------------------------------------------
                                                                                               ^
Warning[Pa050]: non-native end of line sequence detected (this diagnostic is
          only issued once)
      2           *         SAM Software Package License
      3           * ----------------------------------------------------------------------------
      4           * Copyright (c) 2015, Atmel Corporation
      5           *
      6           * All rights reserved.
      7           *
      8           * Redistribution and use in source and binary forms, with or without
      9           * modification, are permitted provided that the following conditions are met:
     10           *
     11           * - Redistributions of source code must retain the above copyright notice,
     12           * this list of conditions and the disclaimer below.
     13           *
     14           * Atmel's name may not be used to endorse or promote products derived from
     15           * this software without specific prior written permission.
     16           *
     17           * DISCLAIMER: THIS SOFTWARE IS PROVIDED BY ATMEL "AS IS" AND ANY EXPRESS OR
     18           * IMPLIED WARRANTIES, INCLUDING, BUT NOT LIMITED TO, THE IMPLIED WARRANTIES OF
     19           * MERCHANTABILITY, FITNESS FOR A PARTICULAR PURPOSE AND NON-INFRINGEMENT ARE
     20           * DISCLAIMED. IN NO EVENT SHALL ATMEL BE LIABLE FOR ANY DIRECT, INDIRECT,
     21           * INCIDENTAL, SPECIAL, EXEMPLARY, OR CONSEQUENTIAL DAMAGES (INCLUDING, BUT NOT
     22           * LIMITED TO, PROCUREMENT OF SUBSTITUTE GOODS OR SERVICES; LOSS OF USE, DATA,
     23           * OR PROFITS; OR BUSINESS INTERRUPTION) HOWEVER CAUSED AND ON ANY THEORY OF
     24           * LIABILITY, WHETHER IN CONTRACT, STRICT LIABILITY, OR TORT (INCLUDING
     25           * NEGLIGENCE OR OTHERWISE) ARISING IN ANY WAY OUT OF THE USE OF THIS SOFTWARE,
     26           * EVEN IF ADVISED OF THE POSSIBILITY OF SUCH DAMAGE.
     27           * ----------------------------------------------------------------------------
     28           */
     29          
     30          /*------------------------------------------------------------------------------
     31           *         Headers
     32           *------------------------------------------------------------------------------*/
     33          
     34          #include "chip.h"

  	if (addr == (void*)TWI0) return ID_FLEXCOM0; /**< \brief FLEXCOM 0 (FLEXCOM0) */
  	                   ^
"C:\Users\dfronek\Documents\Project\softpack\target\sama5d2\sama5d2.h",178  Error[Pe020]: 
          identifier "TWI0" is undefined

  	if (id == ID_FLEXCOM0) return TWI0; /**< \brief FLEXCOM 0 (FLEXCOM0) */
  	                              ^
"C:\Users\dfronek\Documents\Project\softpack\target\sama5d2\sama5d2.h",206  Error[Pe020]: 
          identifier "TWI0" is undefined

  	else if (addr == (void*)FCOMSPI0) return ID_FCOMSPI0;
  	                        ^
"C:\Users\dfronek\Documents\Project\softpack\target\sama5d2\sama5d2.h",235  Error[Pe020]: 
          identifier "FCOMSPI0" is undefined

  	else if (addr == (void*)FCOMSPI1) return ID_FCOMSPI1;
  	                        ^
"C:\Users\dfronek\Documents\Project\softpack\target\sama5d2\sama5d2.h",236  Error[Pe020]: 
          identifier "FCOMSPI1" is undefined

  	else if (addr == (void*)FCOMSPI3) return ID_FCOMSPI3;
  	                        ^
"C:\Users\dfronek\Documents\Project\softpack\target\sama5d2\sama5d2.h",237  Error[Pe020]: 
          identifier "FCOMSPI3" is undefined

  	else if (addr == (void*)FCOMSPI4) return ID_FCOMSPI4;
  	                        ^
"C:\Users\dfronek\Documents\Project\softpack\target\sama5d2\sama5d2.h",238  Error[Pe020]: 
          identifier "FCOMSPI4" is undefined

  	else if (id == ID_FCOMSPI0) return FCOMSPI0; /**< \brief FLEXCOM SPI 0 (FCOMSPI0) */
  	                                   ^
"C:\Users\dfronek\Documents\Project\softpack\target\sama5d2\sama5d2.h",246  Error[Pe020]: 
          identifier "FCOMSPI0" is undefined

  	else if (id == ID_FCOMSPI1) return FCOMSPI1; /**< \brief FLEXCOM SPI 1 (FCOMSPI1) */
  	                                   ^
"C:\Users\dfronek\Documents\Project\softpack\target\sama5d2\sama5d2.h",247  Error[Pe020]: 
          identifier "FCOMSPI1" is undefined

  	else if (id == ID_FCOMSPI3) return FCOMSPI3; /**< \brief FLEXCOM SPI 3 (FCOMSPI3) */
  	                                   ^
"C:\Users\dfronek\Documents\Project\softpack\target\sama5d2\sama5d2.h",248  Error[Pe020]: 
          identifier "FCOMSPI3" is undefined

  	else if (id == ID_FCOMSPI4) return FCOMSPI4; /**< \brief FLEXCOM SPI 4 (FCOMSPI4) */
  	                                   ^
"C:\Users\dfronek\Documents\Project\softpack\target\sama5d2\sama5d2.h",249  Error[Pe020]: 
          identifier "FCOMSPI4" is undefined

  	if (addr == (void*)USART0) return ID_USART0;
  	                   ^
"C:\Users\dfronek\Documents\Project\softpack\target\sama5d2\sama5d2.h",273  Error[Pe020]: 
          identifier "USART0" is undefined
     35          #include "serial/flexcom.h"
     36          
     37          #include "serial/usart.h"
     38          #include "bus/spi.h"
     39          #include "bus/twi.h"
     40          
     41          #include <assert.h>
     42          
     43          /*------------------------------------------------------------------------------
     44           *         Exported functions
     45           *------------------------------------------------------------------------------*/
     46          
     47          /**
     48           * \brief Select a protocol for a FLEXCOM device
     49           *
     50           *
     51           *  \param flexcom  Pointer to FLEXCOM peripheral to configure.
     52           *  \param protocol  Protocol to use.
     53           */
     54          void flexcom_select(Flexcom * flexcom, uint32_t protocol)
     55          {
     56          	assert(flexcom);
     57          	uint32_t current_protocol = flexcom->FLEX_MR;
     58          
     59          	usart_set_receiver_enabled(&flexcom->usart, 0u);
     60          	
     61          	/* Shutdown previous protocol */
     62          	switch (current_protocol) {
     63          	case FLEX_MR_OPMODE_USART:
     64          		usart_set_receiver_enabled(&flexcom->usart, 0u);
     65          		usart_set_transmitter_enabled(&flexcom->usart, 0u);
     66          		break;
     67          	case FLEX_MR_OPMODE_SPI:
     68          		spi_disable(&flexcom->spi);
     69          		break;
     70          	case FLEX_MR_OPMODE_TWI:
     71          		twi_stop(&flexcom->twi);
     72          	default:
     73          		break;
     74          	}
     75          
     76          	assert(protocol & FLEX_MR_OPMODE_NO_COM ||
     77          	       protocol & FLEX_MR_OPMODE_USART ||
     78          	       FLEX_MR_OPMODE_SPI || FLEX_MR_OPMODE_TWI);
     79          	
     80          	/* Activate the new mode () */
     81          	flexcom->FLEX_MR = protocol;
     82          }

Errors: 11
Warnings: 1
