###############################################################################
#
# IAR ANSI C/C++ Compiler V7.40.2.8542/W32 for ARM        21/May/2015  13:39:05
# Copyright 1999-2015 IAR Systems AB.
#
#    Cpu mode     =  arm
#    Endian       =  little
#    Source file  =  
#        C:\Users\dfronek\Documents\Project\softpack\drivers\time\rtc_calib.c
#    Command line =  
#        C:\Users\dfronek\Documents\Project\softpack\drivers\time\rtc_calib.c
#        -D BOARD_SAMA5D2_XPLAINED -D API_PIOv4 -D SERIE_SAMA5D2 -D
#        CHIP_SAMA5D27 -D sram --preprocess=l
#        C:\Users\dfronek\Documents\Project\softpack\examples\getting_started\build\debug\List\
#        -lC
#        C:\Users\dfronek\Documents\Project\softpack\examples\getting_started\build\debug\List\
#        -o
#        C:\Users\dfronek\Documents\Project\softpack\examples\getting_started\build\debug\Obj\
#        --no_cse --no_unroll --no_inline --no_code_motion --no_tbaa
#        --no_clustering --no_scheduling --debug --endian=little
#        --cpu=Cortex-A5 -e --fpu=None --dlib_config "C:\Program Files
#        (x86)\IAR Systems\Embedded Workbench
#        7.2\arm\INC\c\DLib_Config_Normal.h" -I
#        C:\Users\dfronek\Documents\Project\softpack\examples\getting_started/../../\
#        -I
#        C:\Users\dfronek\Documents\Project\softpack\examples\getting_started/../../drivers\
#        -I
#        C:\Users\dfronek\Documents\Project\softpack\examples\getting_started/../../examples\
#        -I
#        C:\Users\dfronek\Documents\Project\softpack\examples\getting_started/../../lib\
#        -I
#        C:\Users\dfronek\Documents\Project\softpack\examples\getting_started/../../target\
#        -I
#        C:\Users\dfronek\Documents\Project\softpack\examples\getting_started/../../target/include\
#        -I
#        C:\Users\dfronek\Documents\Project\softpack\examples\getting_started/../../target/sama5d2\
#        --section .text=SOFTPACK --cpu_mode arm -On
#    List file    =  
#        C:\Users\dfronek\Documents\Project\softpack\examples\getting_started\build\debug\List\rtc_calib.lst
#    Object file  =  
#        C:\Users\dfronek\Documents\Project\softpack\examples\getting_started\build\debug\Obj\rtc_calib.o
#
###############################################################################

C:\Users\dfronek\Documents\Project\softpack\drivers\time\rtc_calib.c
      1          /* ----------------------------------------------------------------------------
                                                                                               ^
Warning[Pa050]: non-native end of line sequence detected (this diagnostic is
          only issued once)
      2           *         SAM Software Package License
      3           * ----------------------------------------------------------------------------
      4           * Copyright (c) 2014, Atmel Corporation
      5           *
      6           * All rights reserved.
      7           *
      8           * Redistribution and use in source and binary forms, with or without
      9           * modification, are permitted provided that the following conditions are met:
     10           *
     11           * - Redistributions of source code must retain the above copyright notice,
     12           * this list of conditions and the disclaimer below.
     13           *
     14           * Atmel's name may not be used to endorse or promote products derived from
     15           * this software without specific prior written permission.
     16           *
     17           * DISCLAIMER: THIS SOFTWARE IS PROVIDED BY ATMEL "AS IS" AND ANY EXPRESS OR
     18           * IMPLIED WARRANTIES, INCLUDING, BUT NOT LIMITED TO, THE IMPLIED WARRANTIES OF
     19           * MERCHANTABILITY, FITNESS FOR A PARTICULAR PURPOSE AND NON-INFRINGEMENT ARE
     20           * DISCLAIMED. IN NO EVENT SHALL ATMEL BE LIABLE FOR ANY DIRECT, INDIRECT,
     21           * INCIDENTAL, SPECIAL, EXEMPLARY, OR CONSEQUENTIAL DAMAGES (INCLUDING, BUT NOT
     22           * LIMITED TO, PROCUREMENT OF SUBSTITUTE GOODS OR SERVICES; LOSS OF USE, DATA,
     23           * OR PROFITS; OR BUSINESS INTERRUPTION) HOWEVER CAUSED AND ON ANY THEORY OF
     24           * LIABILITY, WHETHER IN CONTRACT, STRICT LIABILITY, OR TORT (INCLUDING
     25           * NEGLIGENCE OR OTHERWISE) ARISING IN ANY WAY OUT OF THE USE OF THIS SOFTWARE,
     26           * EVEN IF ADVISED OF THE POSSIBILITY OF SUCH DAMAGE.
     27           * ----------------------------------------------------------------------------
     28           */
     29          
     30          /**
     31           * \file
     32           *
     33           * Interface for Real Time Clock calibration (RTC) .
     34           *
     35           */
     36          
     37          //#include "board.h"
     38          #include "time/rtc_calib.h"

   \                                 In section .rodata, align 4
   \   __absolute unsigned int const _id_h64_matrix[14]
   \                     _id_h64_matrix:
   \   00000000   0x00000006         DC32 6, 7, 9, 10, 12, 13, 15, 31, 32, 45, 46, 52, 53, 63
   \              0x00000007   
   \              0x00000009   
   \              0x0000000A   
   \              0x0000000C   
   \              0x0000000D   
   \              0x0000000F   
   \              0x0000001F   
   \              0x00000020   
   \              0x0000002D   
   \              0x0000002E   
   \              0x00000034   
   \              0x00000035   
   \              0x0000003F   
     39          #include "time/rtc.h"
     40          

   \                                 In section .rodata, align 4
     41          const RTC_PPMLookup PPM_Lookup[] = {
   \                     PPM_Lookup:
   \   00000000   0xD8 0x00          DC8 -40, 0
   \   00000002   0xFF58             DC16 -168
   \   00000004   0x00 0x01          DC8 0, 1
   \   00000006   0x0016             DC16 22
   \   00000008   0xD9 0x00          DC8 -39, 0
   \   0000000A   0xFF5D             DC16 -163
   \   0000000C   0x00 0x01          DC8 0, 1
   \   0000000E   0x0017             DC16 23
   \   00000010   0xDA 0x00          DC8 -38, 0
   \   00000012   0xFF62             DC16 -158
   \   00000014   0x00 0x01          DC8 0, 1
   \   00000016   0x0018             DC16 24
   \   00000018   0xDB 0x00          DC8 -37, 0
   \   0000001A   0xFF67             DC16 -153
   \   0000001C   0x00 0x01          DC8 0, 1
   \   0000001E   0x0019             DC16 25
   \   00000020   0xDC 0x00          DC8 -36, 0
   \   00000022   0xFF6C             DC16 -148
   \   00000024   0x00 0x01          DC8 0, 1
   \   00000026   0x0019             DC16 25
   \   00000028   0xDD 0x00          DC8 -35, 0
   \   0000002A   0xFF71             DC16 -143
   \   0000002C   0x00 0x01          DC8 0, 1
   \   0000002E   0x001A             DC16 26
   \   00000030   0xDE 0x00          DC8 -34, 0
   \   00000032   0xFF76             DC16 -138
   \   00000034   0x00 0x01          DC8 0, 1
   \   00000036   0x001B             DC16 27
   \   00000038   0xDF 0x00          DC8 -33, 0
   \   0000003A   0xFF7A             DC16 -134
   \   0000003C   0x00 0x01          DC8 0, 1
   \   0000003E   0x001C             DC16 28
   \   00000040   0xE0 0x00          DC8 -32, 0
   \   00000042   0xFF7F             DC16 -129
   \   00000044   0x00 0x01          DC8 0, 1
   \   00000046   0x001D             DC16 29
   \   00000048   0xE1 0x00          DC8 -31, 0
   \   0000004A   0xFF84             DC16 -124
   \   0000004C   0x00 0x01          DC8 0, 1
   \   0000004E   0x001F             DC16 31
   \   00000050   0xE2 0x00          DC8 -30, 0
   \   00000052   0xFF88             DC16 -120
   \   00000054   0x00 0x01          DC8 0, 1
   \   00000056   0x0020             DC16 32
   \   00000058   0xE3 0x00          DC8 -29, 0
   \   0000005A   0xFF8C             DC16 -116
   \   0000005C   0x00 0x01          DC8 0, 1
   \   0000005E   0x0021             DC16 33
   \   00000060   0xE4 0x00          DC8 -28, 0
   \   00000062   0xFF91             DC16 -111
   \   00000064   0x00 0x01          DC8 0, 1
   \   00000066   0x0022             DC16 34
   \   00000068   0xE5 0x00          DC8 -27, 0
   \   0000006A   0xFF95             DC16 -107
   \   0000006C   0x00 0x01          DC8 0, 1
   \   0000006E   0x0024             DC16 36
   \   00000070   0xE6 0x00          DC8 -26, 0
   \   00000072   0xFF99             DC16 -103
   \   00000074   0x00 0x01          DC8 0, 1
   \   00000076   0x0025             DC16 37
   \   00000078   0xE7 0x00          DC8 -25, 0
   \   0000007A   0xFF9D             DC16 -99
   \   0000007C   0x00 0x01          DC8 0, 1
   \   0000007E   0x0026             DC16 38
   \   00000080   0xE8 0x00          DC8 -24, 0
   \   00000082   0xFFA1             DC16 -95
   \   00000084   0x00 0x01          DC8 0, 1
   \   00000086   0x0028             DC16 40
   \   00000088   0xE9 0x00          DC8 -23, 0
   \   0000008A   0xFFA5             DC16 -91
   \   0000008C   0x00 0x01          DC8 0, 1
   \   0000008E   0x002A             DC16 42
   \   00000090   0xEA 0x00          DC8 -22, 0
   \   00000092   0xFFA9             DC16 -87
   \   00000094   0x00 0x01          DC8 0, 1
   \   00000096   0x002C             DC16 44
   \   00000098   0xEB 0x00          DC8 -21, 0
   \   0000009A   0xFFAC             DC16 -84
   \   0000009C   0x00 0x01          DC8 0, 1
   \   0000009E   0x002D             DC16 45
   \   000000A0   0xEC 0x00          DC8 -20, 0
   \   000000A2   0xFFB0             DC16 -80
   \   000000A4   0x00 0x01          DC8 0, 1
   \   000000A6   0x0030             DC16 48
   \   000000A8   0xED 0x00          DC8 -19, 0
   \   000000AA   0xFFB4             DC16 -76
   \   000000AC   0x00 0x01          DC8 0, 1
   \   000000AE   0x0032             DC16 50
   \   000000B0   0xEE 0x00          DC8 -18, 0
   \   000000B2   0xFFB7             DC16 -73
   \   000000B4   0x00 0x01          DC8 0, 1
   \   000000B6   0x0035             DC16 53
   \   000000B8   0xEF 0x00          DC8 -17, 0
   \   000000BA   0xFFBA             DC16 -70
   \   000000BC   0x00 0x01          DC8 0, 1
   \   000000BE   0x0037             DC16 55
   \   000000C0   0xF0 0x00          DC8 -16, 0
   \   000000C2   0xFFBE             DC16 -66
   \   000000C4   0x00 0x01          DC8 0, 1
   \   000000C6   0x003A             DC16 58
   \   000000C8   0xF1 0x00          DC8 -15, 0
   \   000000CA   0xFFC1             DC16 -63
   \   000000CC   0x00 0x01          DC8 0, 1
   \   000000CE   0x003D             DC16 61
   \   000000D0   0xF2 0x00          DC8 -14, 0
   \   000000D2   0xFFC4             DC16 -60
   \   000000D4   0x00 0x01          DC8 0, 1
   \   000000D6   0x0040             DC16 64
   \   000000D8   0xF3 0x00          DC8 -13, 0
   \   000000DA   0xFFC7             DC16 -57
   \   000000DC   0x00 0x01          DC8 0, 1
   \   000000DE   0x0044             DC16 68
   \   000000E0   0xF4 0x00          DC8 -12, 0
   \   000000E2   0xFFCA             DC16 -54
   \   000000E4   0x00 0x01          DC8 0, 1
   \   000000E6   0x0047             DC16 71
   \   000000E8   0xF5 0x00          DC8 -11, 0
   \   000000EA   0xFFCD             DC16 -51
   \   000000EC   0x00 0x01          DC8 0, 1
   \   000000EE   0x004C             DC16 76
   \   000000F0   0xF6 0x00          DC8 -10, 0
   \   000000F2   0xFFD0             DC16 -48
   \   000000F4   0x00 0x01          DC8 0, 1
   \   000000F6   0x0050             DC16 80
   \   000000F8   0xF7 0x00          DC8 -9, 0
   \   000000FA   0xFFD3             DC16 -45
   \   000000FC   0x00 0x01          DC8 0, 1
   \   000000FE   0x0056             DC16 86
   \   00000100   0xF8 0x00          DC8 -8, 0
   \   00000102   0xFFD5             DC16 -43
   \   00000104   0x00 0x01          DC8 0, 1
   \   00000106   0x005A             DC16 90
   \   00000108   0xF9 0x00          DC8 -7, 0
   \   0000010A   0xFFD8             DC16 -40
   \   0000010C   0x00 0x01          DC8 0, 1
   \   0000010E   0x0061             DC16 97
   \   00000110   0xFA 0x00          DC8 -6, 0
   \   00000112   0xFFDB             DC16 -37
   \   00000114   0x00 0x01          DC8 0, 1
   \   00000116   0x0069             DC16 105
   \   00000118   0xFB 0x00          DC8 -5, 0
   \   0000011A   0xFFDD             DC16 -35
   \   0000011C   0x00 0x01          DC8 0, 1
   \   0000011E   0x006F             DC16 111
   \   00000120   0xFC 0x00          DC8 -4, 0
   \   00000122   0xFFDF             DC16 -33
   \   00000124   0x00 0x01          DC8 0, 1
   \   00000126   0x0075             DC16 117
   \   00000128   0xFD 0x00          DC8 -3, 0
   \   0000012A   0xFFE2             DC16 -30
   \   0000012C   0x00 0x00          DC8 0, 0
   \   0000012E   0x0006             DC16 6
   \   00000130   0xFE 0x00          DC8 -2, 0
   \   00000132   0xFFE4             DC16 -28
   \   00000134   0x00 0x00          DC8 0, 0
   \   00000136   0x0006             DC16 6
   \   00000138   0xFF 0x00          DC8 -1, 0
   \   0000013A   0xFFE6             DC16 -26
   \   0000013C   0x00 0x00          DC8 0, 0
   \   0000013E   0x0007             DC16 7
   \   00000140   0x00 0x00          DC8 0, 0
   \   00000142   0xFFE8             DC16 -24
   \   00000144   0x00 0x00          DC8 0, 0
   \   00000146   0x0007             DC16 7
   \   00000148   0x01 0x00          DC8 1, 0
   \   0000014A   0xFFEA             DC16 -22
   \   0000014C   0x00 0x00          DC8 0, 0
   \   0000014E   0x0008             DC16 8
   \   00000150   0x02 0x00          DC8 2, 0
   \   00000152   0xFFEC             DC16 -20
   \   00000154   0x00 0x00          DC8 0, 0
   \   00000156   0x0009             DC16 9
   \   00000158   0x03 0x00          DC8 3, 0
   \   0000015A   0xFFEE             DC16 -18
   \   0000015C   0x00 0x00          DC8 0, 0
   \   0000015E   0x000A             DC16 10
   \   00000160   0x04 0x00          DC8 4, 0
   \   00000162   0xFFEF             DC16 -17
   \   00000164   0x00 0x00          DC8 0, 0
   \   00000166   0x000A             DC16 10
   \   00000168   0x05 0x00          DC8 5, 0
   \   0000016A   0xFFF1             DC16 -15
   \   0000016C   0x00 0x00          DC8 0, 0
   \   0000016E   0x000C             DC16 12
   \   00000170   0x06 0x00          DC8 6, 0
   \   00000172   0xFFF3             DC16 -13
   \   00000174   0x00 0x00          DC8 0, 0
   \   00000176   0x000E             DC16 14
   \   00000178   0x07 0x00          DC8 7, 0
   \   0000017A   0xFFF4             DC16 -12
   \   0000017C   0x00 0x00          DC8 0, 0
   \   0000017E   0x000F             DC16 15
   \   00000180   0x08 0x00          DC8 8, 0
   \   00000182   0xFFF5             DC16 -11
   \   00000184   0x00 0x00          DC8 0, 0
   \   00000186   0x0011             DC16 17
   \   00000188   0x09 0x00          DC8 9, 0
   \   0000018A   0xFFF7             DC16 -9
   \   0000018C   0x00 0x00          DC8 0, 0
   \   0000018E   0x0015             DC16 21
   \   00000190   0x0A 0x00          DC8 10, 0
   \   00000192   0xFFF8             DC16 -8
   \   00000194   0x00 0x00          DC8 0, 0
   \   00000196   0x0017             DC16 23
   \   00000198   0x0B 0x00          DC8 11, 0
   \   0000019A   0xFFF9             DC16 -7
   \   0000019C   0x00 0x00          DC8 0, 0
   \   0000019E   0x001B             DC16 27
   \   000001A0   0x0C 0x00          DC8 12, 0
   \   000001A2   0xFFFA             DC16 -6
   \   000001A4   0x00 0x00          DC8 0, 0
   \   000001A6   0x0020             DC16 32
   \   000001A8   0x0D 0x00          DC8 13, 0
   \   000001AA   0xFFFB             DC16 -5
   \   000001AC   0x00 0x00          DC8 0, 0
   \   000001AE   0x0026             DC16 38
   \   000001B0   0x0E 0x00          DC8 14, 0
   \   000001B2   0xFFFC             DC16 -4
   \   000001B4   0x00 0x00          DC8 0, 0
   \   000001B6   0x0030             DC16 48
   \   000001B8   0x0F 0x00          DC8 15, 0
   \   000001BA   0xFFFD             DC16 -3
   \   000001BC   0x00 0x00          DC8 0, 0
   \   000001BE   0x0040             DC16 64
   \   000001C0   0x10 0x00          DC8 16, 0
   \   000001C2   0xFFFE             DC16 -2
   \   000001C4   0x00 0x00          DC8 0, 0
   \   000001C6   0x0061             DC16 97
   \   000001C8   0x11 0x00          DC8 17, 0
   \   000001CA   0xFFFE             DC16 -2
   \   000001CC   0x00 0x00          DC8 0, 0
   \   000001CE   0x0061             DC16 97
   \   000001D0   0x12 0x00          DC8 18, 0
   \   000001D2   0xFFFF             DC16 -1
   \   000001D4   0x00 0x00          DC8 0, 0
   \   000001D6   0x007F             DC16 127
   \   000001D8   0x13 0x00          DC8 19, 0
   \   000001DA   0x0000             DC16 0
   \   000001DC   0x01 0x00          DC8 1, 0
   \   000001DE   0x0000             DC16 0
   \   000001E0   0x14 0x00          DC8 20, 0
   \   000001E2   0x0000             DC16 0
   \   000001E4   0x01 0x00          DC8 1, 0
   \   000001E6   0x0000             DC16 0
   \   000001E8   0x15 0x00          DC8 21, 0
   \   000001EA   0x0000             DC16 0
   \   000001EC   0x01 0x00          DC8 1, 0
   \   000001EE   0x0000             DC16 0
   \   000001F0   0x16 0x00          DC8 22, 0
   \   000001F2   0x0001             DC16 1
   \   000001F4   0x01 0x00          DC8 1, 0
   \   000001F6   0x007F             DC16 127
   \   000001F8   0x17 0x00          DC8 23, 0
   \   000001FA   0x0001             DC16 1
   \   000001FC   0x01 0x00          DC8 1, 0
   \   000001FE   0x007F             DC16 127
   \   00000200   0x18 0x00          DC8 24, 0
   \   00000202   0x0001             DC16 1
   \   00000204   0x01 0x00          DC8 1, 0
   \   00000206   0x007F             DC16 127
   \   00000208   0x19 0x00          DC8 25, 0
   \   0000020A   0x0001             DC16 1
   \   0000020C   0x01 0x00          DC8 1, 0
   \   0000020E   0x007F             DC16 127
   \   00000210   0x1A 0x00          DC8 26, 0
   \   00000212   0x0001             DC16 1
   \   00000214   0x01 0x00          DC8 1, 0
   \   00000216   0x007F             DC16 127
   \   00000218   0x1B 0x00          DC8 27, 0
   \   0000021A   0x0001             DC16 1
   \   0000021C   0x01 0x00          DC8 1, 0
   \   0000021E   0x007F             DC16 127
   \   00000220   0x1C 0x00          DC8 28, 0
   \   00000222   0x0001             DC16 1
   \   00000224   0x01 0x00          DC8 1, 0
   \   00000226   0x007F             DC16 127
   \   00000228   0x1D 0x00          DC8 29, 0
   \   0000022A   0x0000             DC16 0
   \   0000022C   0x01 0x00          DC8 1, 0
   \   0000022E   0x0000             DC16 0
   \   00000230   0x1E 0x00          DC8 30, 0
   \   00000232   0x0000             DC16 0
   \   00000234   0x01 0x00          DC8 1, 0
   \   00000236   0x0000             DC16 0
   \   00000238   0x1F 0x00          DC8 31, 0
   \   0000023A   0x0000             DC16 0
   \   0000023C   0x01 0x00          DC8 1, 0
   \   0000023E   0x0000             DC16 0
   \   00000240   0x20 0x00          DC8 32, 0
   \   00000242   0xFFFF             DC16 -1
   \   00000244   0x00 0x00          DC8 0, 0
   \   00000246   0x007F             DC16 127
   \   00000248   0x21 0x00          DC8 33, 0
   \   0000024A   0xFFFE             DC16 -2
   \   0000024C   0x00 0x00          DC8 0, 0
   \   0000024E   0x0061             DC16 97
   \   00000250   0x22 0x00          DC8 34, 0
   \   00000252   0xFFFE             DC16 -2
   \   00000254   0x00 0x00          DC8 0, 0
   \   00000256   0x0061             DC16 97
   \   00000258   0x23 0x00          DC8 35, 0
   \   0000025A   0xFFFD             DC16 -3
   \   0000025C   0x00 0x00          DC8 0, 0
   \   0000025E   0x0040             DC16 64
   \   00000260   0x24 0x00          DC8 36, 0
   \   00000262   0xFFFC             DC16 -4
   \   00000264   0x00 0x00          DC8 0, 0
   \   00000266   0x0030             DC16 48
   \   00000268   0x25 0x00          DC8 37, 0
   \   0000026A   0xFFFB             DC16 -5
   \   0000026C   0x00 0x00          DC8 0, 0
   \   0000026E   0x0026             DC16 38
   \   00000270   0x26 0x00          DC8 38, 0
   \   00000272   0xFFFA             DC16 -6
   \   00000274   0x00 0x00          DC8 0, 0
   \   00000276   0x0020             DC16 32
   \   00000278   0x27 0x00          DC8 39, 0
   \   0000027A   0xFFF9             DC16 -7
   \   0000027C   0x00 0x00          DC8 0, 0
   \   0000027E   0x001B             DC16 27
   \   00000280   0x28 0x00          DC8 40, 0
   \   00000282   0xFFF8             DC16 -8
   \   00000284   0x00 0x00          DC8 0, 0
   \   00000286   0x0017             DC16 23
   \   00000288   0x29 0x00          DC8 41, 0
   \   0000028A   0xFFF7             DC16 -9
   \   0000028C   0x00 0x00          DC8 0, 0
   \   0000028E   0x0015             DC16 21
   \   00000290   0x2A 0x00          DC8 42, 0
   \   00000292   0xFFF5             DC16 -11
   \   00000294   0x00 0x00          DC8 0, 0
   \   00000296   0x0011             DC16 17
   \   00000298   0x2B 0x00          DC8 43, 0
   \   0000029A   0xFFF4             DC16 -12
   \   0000029C   0x00 0x00          DC8 0, 0
   \   0000029E   0x000F             DC16 15
   \   000002A0   0x2C 0x00          DC8 44, 0
   \   000002A2   0xFFF3             DC16 -13
   \   000002A4   0x00 0x00          DC8 0, 0
   \   000002A6   0x000E             DC16 14
   \   000002A8   0x2D 0x00          DC8 45, 0
   \   000002AA   0xFFF1             DC16 -15
   \   000002AC   0x00 0x00          DC8 0, 0
   \   000002AE   0x000C             DC16 12
   \   000002B0   0x2E 0x00          DC8 46, 0
   \   000002B2   0xFFEF             DC16 -17
   \   000002B4   0x00 0x00          DC8 0, 0
   \   000002B6   0x000A             DC16 10
   \   000002B8   0x2F 0x00          DC8 47, 0
   \   000002BA   0xFFEE             DC16 -18
   \   000002BC   0x00 0x00          DC8 0, 0
   \   000002BE   0x000A             DC16 10
   \   000002C0   0x30 0x00          DC8 48, 0
   \   000002C2   0xFFEC             DC16 -20
   \   000002C4   0x00 0x00          DC8 0, 0
   \   000002C6   0x0009             DC16 9
   \   000002C8   0x31 0x00          DC8 49, 0
   \   000002CA   0xFFEA             DC16 -22
   \   000002CC   0x00 0x00          DC8 0, 0
   \   000002CE   0x0008             DC16 8
   \   000002D0   0x32 0x00          DC8 50, 0
   \   000002D2   0xFFE8             DC16 -24
   \   000002D4   0x00 0x00          DC8 0, 0
   \   000002D6   0x0007             DC16 7
   \   000002D8   0x33 0x00          DC8 51, 0
   \   000002DA   0xFFE6             DC16 -26
   \   000002DC   0x00 0x00          DC8 0, 0
   \   000002DE   0x0007             DC16 7
   \   000002E0   0x34 0x00          DC8 52, 0
   \   000002E2   0xFFE4             DC16 -28
   \   000002E4   0x00 0x00          DC8 0, 0
   \   000002E6   0x0006             DC16 6
   \   000002E8   0x35 0x00          DC8 53, 0
   \   000002EA   0xFFE2             DC16 -30
   \   000002EC   0x00 0x00          DC8 0, 0
   \   000002EE   0x0006             DC16 6
   \   000002F0   0x36 0x00          DC8 54, 0
   \   000002F2   0xFFDF             DC16 -33
   \   000002F4   0x00 0x01          DC8 0, 1
   \   000002F6   0x0075             DC16 117
   \   000002F8   0x37 0x00          DC8 55, 0
   \   000002FA   0xFFDD             DC16 -35
   \   000002FC   0x00 0x01          DC8 0, 1
   \   000002FE   0x006F             DC16 111
   \   00000300   0x38 0x00          DC8 56, 0
   \   00000302   0xFFDB             DC16 -37
   \   00000304   0x00 0x01          DC8 0, 1
   \   00000306   0x0069             DC16 105
   \   00000308   0x39 0x00          DC8 57, 0
   \   0000030A   0xFFD8             DC16 -40
   \   0000030C   0x00 0x01          DC8 0, 1
   \   0000030E   0x0061             DC16 97
   \   00000310   0x3A 0x00          DC8 58, 0
   \   00000312   0xFFD5             DC16 -43
   \   00000314   0x00 0x01          DC8 0, 1
   \   00000316   0x005A             DC16 90
   \   00000318   0x3B 0x00          DC8 59, 0
   \   0000031A   0xFFD3             DC16 -45
   \   0000031C   0x00 0x01          DC8 0, 1
   \   0000031E   0x0056             DC16 86
   \   00000320   0x3C 0x00          DC8 60, 0
   \   00000322   0xFFD0             DC16 -48
   \   00000324   0x00 0x01          DC8 0, 1
   \   00000326   0x0050             DC16 80
   \   00000328   0x3D 0x00          DC8 61, 0
   \   0000032A   0xFFCD             DC16 -51
   \   0000032C   0x00 0x01          DC8 0, 1
   \   0000032E   0x004C             DC16 76
   \   00000330   0x3E 0x00          DC8 62, 0
   \   00000332   0xFFCA             DC16 -54
   \   00000334   0x00 0x01          DC8 0, 1
   \   00000336   0x0047             DC16 71
   \   00000338   0x3F 0x00          DC8 63, 0
   \   0000033A   0xFFC7             DC16 -57
   \   0000033C   0x00 0x01          DC8 0, 1
   \   0000033E   0x0044             DC16 68
   \   00000340   0x40 0x00          DC8 64, 0
   \   00000342   0xFFC4             DC16 -60
   \   00000344   0x00 0x01          DC8 0, 1
   \   00000346   0x0040             DC16 64
   \   00000348   0x41 0x00          DC8 65, 0
   \   0000034A   0xFFC1             DC16 -63
   \   0000034C   0x00 0x01          DC8 0, 1
   \   0000034E   0x003D             DC16 61
   \   00000350   0x42 0x00          DC8 66, 0
   \   00000352   0xFFBE             DC16 -66
   \   00000354   0x00 0x01          DC8 0, 1
   \   00000356   0x003A             DC16 58
   \   00000358   0x43 0x00          DC8 67, 0
   \   0000035A   0xFFBA             DC16 -70
   \   0000035C   0x00 0x01          DC8 0, 1
   \   0000035E   0x0037             DC16 55
   \   00000360   0x44 0x00          DC8 68, 0
   \   00000362   0xFFB7             DC16 -73
   \   00000364   0x00 0x01          DC8 0, 1
   \   00000366   0x0035             DC16 53
   \   00000368   0x45 0x00          DC8 69, 0
   \   0000036A   0xFFB4             DC16 -76
   \   0000036C   0x00 0x01          DC8 0, 1
   \   0000036E   0x0032             DC16 50
   \   00000370   0x46 0x00          DC8 70, 0
   \   00000372   0xFFB0             DC16 -80
   \   00000374   0x00 0x01          DC8 0, 1
   \   00000376   0x0030             DC16 48
   \   00000378   0x47 0x00          DC8 71, 0
   \   0000037A   0xFFAC             DC16 -84
   \   0000037C   0x00 0x01          DC8 0, 1
   \   0000037E   0x002D             DC16 45
   \   00000380   0x48 0x00          DC8 72, 0
   \   00000382   0xFFA9             DC16 -87
   \   00000384   0x00 0x01          DC8 0, 1
   \   00000386   0x002C             DC16 44
   \   00000388   0x49 0x00          DC8 73, 0
   \   0000038A   0xFFA5             DC16 -91
   \   0000038C   0x00 0x01          DC8 0, 1
   \   0000038E   0x002A             DC16 42
   \   00000390   0x4A 0x00          DC8 74, 0
   \   00000392   0xFFA1             DC16 -95
   \   00000394   0x00 0x01          DC8 0, 1
   \   00000396   0x0028             DC16 40
   \   00000398   0x4B 0x00          DC8 75, 0
   \   0000039A   0xFF9D             DC16 -99
   \   0000039C   0x00 0x01          DC8 0, 1
   \   0000039E   0x0026             DC16 38
   \   000003A0   0x4C 0x00          DC8 76, 0
   \   000003A2   0xFF99             DC16 -103
   \   000003A4   0x00 0x01          DC8 0, 1
   \   000003A6   0x0025             DC16 37
   \   000003A8   0x4D 0x00          DC8 77, 0
   \   000003AA   0xFF95             DC16 -107
   \   000003AC   0x00 0x01          DC8 0, 1
   \   000003AE   0x0024             DC16 36
   \   000003B0   0x4E 0x00          DC8 78, 0
   \   000003B2   0xFF91             DC16 -111
   \   000003B4   0x00 0x01          DC8 0, 1
   \   000003B6   0x0022             DC16 34
   \   000003B8   0x4F 0x00          DC8 79, 0
   \   000003BA   0xFF8C             DC16 -116
   \   000003BC   0x00 0x01          DC8 0, 1
   \   000003BE   0x0021             DC16 33
   \   000003C0   0x50 0x00          DC8 80, 0
   \   000003C2   0xFF88             DC16 -120
   \   000003C4   0x00 0x01          DC8 0, 1
   \   000003C6   0x0020             DC16 32
   \   000003C8   0x51 0x00          DC8 81, 0
   \   000003CA   0xFF84             DC16 -124
   \   000003CC   0x00 0x01          DC8 0, 1
   \   000003CE   0x001F             DC16 31
   \   000003D0   0x52 0x00          DC8 82, 0
   \   000003D2   0xFF7F             DC16 -129
   \   000003D4   0x00 0x01          DC8 0, 1
   \   000003D6   0x001D             DC16 29
   \   000003D8   0x53 0x00          DC8 83, 0
   \   000003DA   0xFF7A             DC16 -134
   \   000003DC   0x00 0x01          DC8 0, 1
   \   000003DE   0x001C             DC16 28
   \   000003E0   0x54 0x00          DC8 84, 0
   \   000003E2   0xFF76             DC16 -138
   \   000003E4   0x00 0x01          DC8 0, 1
   \   000003E6   0x001B             DC16 27
   \   000003E8   0x55 0x00          DC8 85, 0
   \   000003EA   0xFF71             DC16 -143
   \   000003EC   0x00 0x01          DC8 0, 1
   \   000003EE   0x001A             DC16 26
     42          	{-40, -168, 0, 1, 22},
     43          	{-39, -163, 0, 1, 23},
     44          	{-38, -158, 0, 1, 24},
     45          	{-37, -153, 0, 1, 25},
     46          	{-36, -148, 0, 1, 25},
     47          	{-35, -143, 0, 1, 26},
     48          	{-34, -138, 0, 1, 27},
     49          	{-33, -134, 0, 1, 28},
     50          	{-32, -129, 0, 1, 29},
     51          	{-31, -124, 0, 1, 31},
     52          	{-30, -120, 0, 1, 32},
     53          	{-29, -116, 0, 1, 33},
     54          	{-28, -111, 0, 1, 34},
     55          	{-27, -107, 0, 1, 36},
     56          	{-26, -103, 0, 1, 37},
     57          	{-25, -99, 0, 1, 38},
     58          	{-24, -95, 0, 1, 40},
     59          	{-23, -91, 0, 1, 42},
     60          	{-22, -87, 0, 1, 44},
     61          	{-21, -84, 0, 1, 45},
     62          	{-20, -80, 0, 1, 48},
     63          	{-19, -76, 0, 1, 50},
     64          	{-18, -73, 0, 1, 53},
     65          	{-17, -70, 0, 1, 55},
     66          	{-16, -66, 0, 1, 58},
     67          	{-15, -63, 0, 1, 61},
     68          	{-14, -60, 0, 1, 64},
     69          	{-13, -57, 0, 1, 68},
     70          	{-12, -54, 0, 1, 71},
     71          	{-11, -51, 0, 1, 76},
     72          	{-10, -48, 0, 1, 80},
     73          	{-9, -45, 0, 1, 86},
     74          	{-8, -43, 0, 1, 90},
     75          	{-7, -40, 0, 1, 97},
     76          	{-6, -37, 0, 1, 105},
     77          	{-5, -35, 0, 1, 111},
     78          	{-4, -33, 0, 1, 117},
     79          	{-3, -30, 0, 0, 6},
     80          	{-2, -28, 0, 0, 6},
     81          	{-1, -26, 0, 0, 7},
     82          	{0, -24, 0, 0, 7},
     83          	{1, -22, 0, 0, 8},
     84          	{2, -20, 0, 0, 9},
     85          	{3, -18, 0, 0, 10},
     86          	{4, -17, 0, 0, 10},
     87          	{5, -15, 0, 0, 12},
     88          	{6, -13, 0, 0, 14},
     89          	{7, -12, 0, 0, 15},
     90          	{8, -11, 0, 0, 17},
     91          	{9, -9, 0, 0, 21},
     92          	{10, -8, 0, 0, 23},
     93          	{11, -7, 0, 0, 27},
     94          	{12, -6, 0, 0, 32},
     95          	{13, -5, 0, 0, 38},
     96          	{14, -4, 0, 0, 48},
     97          	{15, -3, 0, 0, 64},
     98          	{16, -2, 0, 0, 97},
     99          	{17, -2, 0, 0, 97},
    100          	{18, -1, 0, 0, 127},
    101          	{19, 0, 1, 0, 0},
    102          	{20, 0, 1, 0, 0},
    103          	{21, 0, 1, 0, 0},
    104          	{22, 1, 1, 0, 127},
    105          	{23, 1, 1, 0, 127},
    106          	{24, 1, 1, 0, 127},
    107          	{25, 1, 1, 0, 127},
    108          	{26, 1, 1, 0, 127},
    109          	{27, 1, 1, 0, 127},
    110          	{28, 1, 1, 0, 127},
    111          	{29, 0, 1, 0, 0},
    112          	{30, 0, 1, 0, 0},
    113          	{31, 0, 1, 0, 0},
    114          	{32, -1, 0, 0, 127},
    115          	{33, -2, 0, 0, 97},
    116          	{34, -2, 0, 0, 97},
    117          	{35, -3, 0, 0, 64},
    118          	{36, -4, 0, 0, 48},
    119          	{37, -5, 0, 0, 38},
    120          	{38, -6, 0, 0, 32},
    121          	{39, -7, 0, 0, 27},
    122          	{40, -8, 0, 0, 23},
    123          	{41, -9, 0, 0, 21},
    124          	{42, -11, 0, 0, 17},
    125          	{43, -12, 0, 0, 15},
    126          	{44, -13, 0, 0, 14},
    127          	{45, -15, 0, 0, 12},
    128          	{46, -17, 0, 0, 10},
    129          	{47, -18, 0, 0, 10},
    130          	{48, -20, 0, 0, 9},
    131          	{49, -22, 0, 0, 8},
    132          	{50, -24, 0, 0, 7},
    133          	{51, -26, 0, 0, 7},
    134          	{52, -28, 0, 0, 6},
    135          	{53, -30, 0, 0, 6},
    136          	{54, -33, 0, 1, 117},
    137          	{55, -35, 0, 1, 111},
    138          	{56, -37, 0, 1, 105},
    139          	{57, -40, 0, 1, 97},
    140          	{58, -43, 0, 1, 90},
    141          	{59, -45, 0, 1, 86},
    142          	{60, -48, 0, 1, 80},
    143          	{61, -51, 0, 1, 76},
    144          	{62, -54, 0, 1, 71},
    145          	{63, -57, 0, 1, 68},
    146          	{64, -60, 0, 1, 64},
    147          	{65, -63, 0, 1, 61},
    148          	{66, -66, 0, 1, 58},
    149          	{67, -70, 0, 1, 55},
    150          	{68, -73, 0, 1, 53},
    151          	{69, -76, 0, 1, 50},
    152          	{70, -80, 0, 1, 48},
    153          	{71, -84, 0, 1, 45},
    154          	{72, -87, 0, 1, 44},
    155          	{73, -91, 0, 1, 42},
    156          	{74, -95, 0, 1, 40},
    157          	{75, -99, 0, 1, 38},
    158          	{76, -103, 0, 1, 37},
    159          	{77, -107, 0, 1, 36},
    160          	{78, -111, 0, 1, 34},
    161          	{79, -116, 0, 1, 33},
    162          	{80, -120, 0, 1, 32},
    163          	{81, -124, 0, 1, 31},
    164          	{82, -129, 0, 1, 29},
    165          	{83, -134, 0, 1, 28},
    166          	{84, -138, 0, 1, 27},
    167          	{85, -143, 0, 1, 26}
    168          };
    169          
    170          /**
    171           * \brief RTC calibration for Temperature or PPM drift
    172           */

   \                                 In section SOFTPACK, align 4, keep-with-next
    173          void
    174          RTC_ClockCalibration(Rtc * pRtc, int32_t CurrentTempr)
    175          {
   \                     RTC_ClockCalibration:
   \   00000000   0xE92D4010         PUSH     {R4,LR}
    176          	uint16_t i;
    177          	uint32_t MR_Reg, Size;
    178          
    179          	Size = sizeof (PPM_Lookup);
   \   00000004   0xE3A0EFFC         MOV      LR,#+1008
   \   00000008   0xE1B0300E         MOVS     R3,LR
    180          
    181          	MR_Reg = 0;
   \   0000000C   0xE3A0E000         MOV      LR,#+0
   \   00000010   0xE1B0200E         MOVS     R2,LR
    182          	for (i = 0; i < Size; i++) {
   \   00000014   0xE3A0E000         MOV      LR,#+0
   \   00000018   0xE1B0C00E         MOVS     R12,LR
   \                     ??RTC_ClockCalibration_0:
   \   0000001C   0xE1B0E00C         MOVS     LR,R12
   \   00000020   0xE6FFE07E         UXTH     LR,LR
   \   00000024   0xE15E0003         CMP      LR,R3
   \   00000028   0x2A000021         BCS      ??RTC_ClockCalibration_1
    183          		if (PPM_Lookup[i].Tempr == CurrentTempr) {
   \   0000002C   0xE59FE084         LDR      LR,??RTC_ClockCalibration_2
   \   00000030   0xE1B0400C         MOVS     R4,R12
   \   00000034   0xE6FF4074         UXTH     R4,R4
   \   00000038   0xE1B04184         LSLS     R4,R4,#+3
   \   0000003C   0xE194E0DE         LDRSB    LR,[R4, +LR]
   \   00000040   0xE15E0001         CMP      LR,R1
   \   00000044   0x1A000018         BNE      ??RTC_ClockCalibration_3
    184          			MR_Reg |= RTC_MR_CORRECTION(PPM_Lookup[i].CORRECTION);
   \   00000048   0xE59FE068         LDR      LR,??RTC_ClockCalibration_2
   \   0000004C   0xE1B0400C         MOVS     R4,R12
   \   00000050   0xE6FF4074         UXTH     R4,R4
   \   00000054   0xE1B04184         LSLS     R4,R4,#+3
   \   00000058   0xE094E00E         ADDS     LR,R4,LR
   \   0000005C   0xE1DEE0B6         LDRH     LR,[LR, #+6]
   \   00000060   0xE3A04C7F         MOV      R4,#+32512
   \   00000064   0xE014E40E         ANDS     LR,R4,LR, LSL #+8
   \   00000068   0xE19E2002         ORRS     R2,LR,R2
    185          			MR_Reg |= (PPM_Lookup[i].HIGHPPM << 15);
   \   0000006C   0xE59FE044         LDR      LR,??RTC_ClockCalibration_2
   \   00000070   0xE1B0400C         MOVS     R4,R12
   \   00000074   0xE6FF4074         UXTH     R4,R4
   \   00000078   0xE1B04184         LSLS     R4,R4,#+3
   \   0000007C   0xE094E00E         ADDS     LR,R4,LR
   \   00000080   0xE5DEE005         LDRB     LR,[LR, #+5]
   \   00000084   0xE192278E         ORRS     R2,R2,LR, LSL #+15
    186          			MR_Reg |= (PPM_Lookup[i].NEGPPM << 4);
   \   00000088   0xE59FE028         LDR      LR,??RTC_ClockCalibration_2
   \   0000008C   0xE1B0400C         MOVS     R4,R12
   \   00000090   0xE6FF4074         UXTH     R4,R4
   \   00000094   0xE1B04184         LSLS     R4,R4,#+3
   \   00000098   0xE094E00E         ADDS     LR,R4,LR
   \   0000009C   0xE5DEE004         LDRB     LR,[LR, #+4]
   \   000000A0   0xE192220E         ORRS     R2,R2,LR, LSL #+4
    187          			pRtc->RTC_MR = MR_Reg;	// update the calibration value
   \   000000A4   0xE5802004         STR      R2,[R0, #+4]
    188          			break;
   \   000000A8   0xEA000001         B        ??RTC_ClockCalibration_1
    189          		}
    190          	}
   \                     ??RTC_ClockCalibration_3:
   \   000000AC   0xE29CC001         ADDS     R12,R12,#+1
   \   000000B0   0xEAFFFFD9         B        ??RTC_ClockCalibration_0
    191          
    192          }
   \                     ??RTC_ClockCalibration_1:
   \   000000B4   0xE8BD8010         POP      {R4,PC}          ;; return
   \                     ??RTC_ClockCalibration_2:
   \   000000B8   0x........         DC32     PPM_Lookup

   Maximum stack usage in bytes:

   .cstack Function
   ------- --------
       8   RTC_ClockCalibration


   Section sizes:

   Bytes  Function/Label
   -----  --------------
    1008  PPM_Lookup
     188  RTC_ClockCalibration
      56  _id_h64_matrix

 
 1 064 bytes in section .rodata
   188 bytes in section SOFTPACK
 
   188 bytes of CODE  memory
 1 064 bytes of CONST memory

Errors: none
Warnings: 1
